#
# There is insufficient memory for the Java Runtime Environment to continue.
# Native memory allocation (mmap) failed to map 43515904 bytes for committing reserved memory.
# Possible reasons:
#   The system is out of physical RAM or swap space
#   The process is running with CompressedOops enabled, and the Java Heap may be blocking the growth of the native heap
# Possible solutions:
#   Reduce memory load on the system
#   Increase physical memory or swap space
#   Check if swap backing store is full
#   Decrease Java heap size (-Xmx/-Xms)
#   Decrease number of Java threads
#   Decrease Java thread stack sizes (-Xss)
#   Set larger code cache with -XX:ReservedCodeCacheSize=
# This output file may be truncated or incomplete.
#
#  Out of Memory Error (os_linux.cpp:2753), pid=34023, tid=0x00007f1ff872f700
#
# JRE version:  (8.0_202) (build )
# Java VM: OpenJDK 64-Bit Server VM (25.202-b49-5587405 mixed mode linux-amd64 compressed oops)
# Failed to write core dump. Core dumps have been disabled. To enable core dumping, try "ulimit -c unlimited" before starting Java again
#

---------------  T H R E A D  ---------------

Current thread (0x00007f1ff000a800):  JavaThread "Unknown thread" [_thread_in_vm, id=34024, stack(0x00007f1ff862f000,0x00007f1ff8730000)]

Stack: [0x00007f1ff862f000,0x00007f1ff8730000],  sp=0x00007f1ff872e690,  free space=1021k
Native frames: (J=compiled Java code, j=interpreted, Vv=VM code, C=native code)
V  [libjvm.so+0xa08b78]  VMError::report_and_die()+0x148
V  [libjvm.so+0x4d412a]  report_vm_out_of_memory(char const*, int, unsigned long, VMErrorType, char const*)+0x8a
V  [libjvm.so+0x870478]  os::pd_commit_memory(char*, unsigned long, unsigned long, bool)+0xd8
V  [libjvm.so+0x867f9f]  os::commit_memory(char*, unsigned long, unsigned long, bool)+0x1f
V  [libjvm.so+0x8e14eb]  PSVirtualSpace::expand_by(unsigned long)+0x5b
V  [libjvm.so+0x8d34e8]  PSOldGen::initialize(ReservedSpace, unsigned long, char const*, int)+0xa8
V  [libjvm.so+0x2dbae3]  AdjoiningGenerations::AdjoiningGenerations(ReservedSpace, GenerationSizer*, unsigned long)+0x353
V  [libjvm.so+0x893e91]  ParallelScavengeHeap::initialize()+0x211
V  [libjvm.so+0x9d4279]  Universe::initialize_heap()+0x189
V  [libjvm.so+0x9d4473]  universe_init()+0x33
V  [libjvm.so+0x5fcd95]  init_globals()+0x55
V  [libjvm.so+0x9b7a74]  Threads::create_vm(JavaVMInitArgs*, bool*)+0x274
V  [libjvm.so+0x669d5e]  JNI_CreateJavaVM+0x4e
C  [libjli.so+0x76f8]  JavaMain+0x88
C  [libpthread.so.0+0x76ba]  start_thread+0xca


---------------  P R O C E S S  ---------------

Java Threads: ( => current thread )

Other Threads:

=>0x00007f1ff000a800 (exited) JavaThread "Unknown thread" [_thread_in_vm, id=34024, stack(0x00007f1ff862f000,0x00007f1ff8730000)]

VM state:not at safepoint (not fully initialized)

VM Mutex/Monitor currently owned by a thread: None

heap address: 0x00000000c2600000, size: 986 MB, Compressed Oops mode: Non-zero based:0x00000000c25ff000
Narrow klass base: 0x0000000000000000, Narrow klass shift: 0

GC Heap History (0 events):
No events

Deoptimization events (0 events):
No events

Classes redefined (0 events):
No events

Internal exceptions (0 events):
No events

Events (0 events):
No events


Dynamic libraries:
00400000-00401000 r-xp 00000000 08:01 1315151                            /home/ubuntu/android-studio/jre/jre/bin/java
00401000-00402000 rw-p 00000000 08:01 1315151                            /home/ubuntu/android-studio/jre/jre/bin/java
0167c000-0169d000 rw-p 00000000 00:00 0                                  [heap]
c4f80000-eb780000 ---p 00000000 00:00 0 
eb780000-ecc00000 rw-p 00000000 00:00 0 
ecc00000-100000000 ---p 00000000 00:00 0 
7f1fe1000000-7f1fe1270000 rwxp 00000000 00:00 0 
7f1fe1270000-7f1ff0000000 ---p 00000000 00:00 0 
7f1ff0000000-7f1ff0037000 rw-p 00000000 00:00 0 
7f1ff0037000-7f1ff4000000 ---p 00000000 00:00 0 
7f1ff5a61000-7f1ff5d1c000 rw-p 00000000 00:00 0 
7f1ff5d1c000-7f1ff5e64000 ---p 00000000 00:00 0 
7f1ff5e64000-7f1ff5e6f000 rw-p 00000000 00:00 0 
7f1ff5e6f000-7f1ff5f09000 ---p 00000000 00:00 0 
7f1ff5f09000-7f1ff5f14000 rw-p 00000000 00:00 0 
7f1ff5f14000-7f1ff62ca000 ---p 00000000 00:00 0 
7f1ff62ca000-7f1ff62d5000 r-xp 00000000 08:01 1442122                    /lib/x86_64-linux-gnu/libnss_files-2.23.so
7f1ff62d5000-7f1ff64d4000 ---p 0000b000 08:01 1442122                    /lib/x86_64-linux-gnu/libnss_files-2.23.so
7f1ff64d4000-7f1ff64d5000 r--p 0000a000 08:01 1442122                    /lib/x86_64-linux-gnu/libnss_files-2.23.so
7f1ff64d5000-7f1ff64d6000 rw-p 0000b000 08:01 1442122                    /lib/x86_64-linux-gnu/libnss_files-2.23.so
7f1ff64d6000-7f1ff64dc000 rw-p 00000000 00:00 0 
7f1ff64dc000-7f1ff64e7000 r-xp 00000000 08:01 1442143                    /lib/x86_64-linux-gnu/libnss_nis-2.23.so
7f1ff64e7000-7f1ff66e6000 ---p 0000b000 08:01 1442143                    /lib/x86_64-linux-gnu/libnss_nis-2.23.so
7f1ff66e6000-7f1ff66e7000 r--p 0000a000 08:01 1442143                    /lib/x86_64-linux-gnu/libnss_nis-2.23.so
7f1ff66e7000-7f1ff66e8000 rw-p 0000b000 08:01 1442143                    /lib/x86_64-linux-gnu/libnss_nis-2.23.so
7f1ff66e8000-7f1ff66fe000 r-xp 00000000 08:01 1442014                    /lib/x86_64-linux-gnu/libnsl-2.23.so
7f1ff66fe000-7f1ff68fd000 ---p 00016000 08:01 1442014                    /lib/x86_64-linux-gnu/libnsl-2.23.so
7f1ff68fd000-7f1ff68fe000 r--p 00015000 08:01 1442014                    /lib/x86_64-linux-gnu/libnsl-2.23.so
7f1ff68fe000-7f1ff68ff000 rw-p 00016000 08:01 1442014                    /lib/x86_64-linux-gnu/libnsl-2.23.so
7f1ff68ff000-7f1ff6901000 rw-p 00000000 00:00 0 
7f1ff6901000-7f1ff6909000 r-xp 00000000 08:01 1442130                    /lib/x86_64-linux-gnu/libnss_compat-2.23.so
7f1ff6909000-7f1ff6b08000 ---p 00008000 08:01 1442130                    /lib/x86_64-linux-gnu/libnss_compat-2.23.so
7f1ff6b08000-7f1ff6b09000 r--p 00007000 08:01 1442130                    /lib/x86_64-linux-gnu/libnss_compat-2.23.so
7f1ff6b09000-7f1ff6b0a000 rw-p 00008000 08:01 1442130                    /lib/x86_64-linux-gnu/libnss_compat-2.23.so
7f1ff6b0a000-7f1ff6b11000 r-xp 00000000 08:01 1442150                    /lib/x86_64-linux-gnu/librt-2.23.so
7f1ff6b11000-7f1ff6d10000 ---p 00007000 08:01 1442150                    /lib/x86_64-linux-gnu/librt-2.23.so
7f1ff6d10000-7f1ff6d11000 r--p 00006000 08:01 1442150                    /lib/x86_64-linux-gnu/librt-2.23.so
7f1ff6d11000-7f1ff6d12000 rw-p 00007000 08:01 1442150                    /lib/x86_64-linux-gnu/librt-2.23.so
7f1ff6d12000-7f1ff6e1a000 r-xp 00000000 08:01 1442076                    /lib/x86_64-linux-gnu/libm-2.23.so
7f1ff6e1a000-7f1ff7019000 ---p 00108000 08:01 1442076                    /lib/x86_64-linux-gnu/libm-2.23.so
7f1ff7019000-7f1ff701a000 r--p 00107000 08:01 1442076                    /lib/x86_64-linux-gnu/libm-2.23.so
7f1ff701a000-7f1ff701b000 rw-p 00108000 08:01 1442076                    /lib/x86_64-linux-gnu/libm-2.23.so
7f1ff701b000-7f1ff7c41000 r-xp 00000000 08:01 1179929                    /home/ubuntu/android-studio/jre/jre/lib/amd64/server/libjvm.so
7f1ff7c41000-7f1ff7d11000 rw-p 00c26000 08:01 1179929                    /home/ubuntu/android-studio/jre/jre/lib/amd64/server/libjvm.so
7f1ff7d11000-7f1ff7d55000 rw-p 00000000 00:00 0 
7f1ff7d55000-7f1ff7f15000 r-xp 00000000 08:01 1442011                    /lib/x86_64-linux-gnu/libc-2.23.so
7f1ff7f15000-7f1ff8115000 ---p 001c0000 08:01 1442011                    /lib/x86_64-linux-gnu/libc-2.23.so
7f1ff8115000-7f1ff8119000 r--p 001c0000 08:01 1442011                    /lib/x86_64-linux-gnu/libc-2.23.so
7f1ff8119000-7f1ff811b000 rw-p 001c4000 08:01 1442011                    /lib/x86_64-linux-gnu/libc-2.23.so
7f1ff811b000-7f1ff811f000 rw-p 00000000 00:00 0 
7f1ff811f000-7f1ff8122000 r-xp 00000000 08:01 1442009                    /lib/x86_64-linux-gnu/libdl-2.23.so
7f1ff8122000-7f1ff8321000 ---p 00003000 08:01 1442009                    /lib/x86_64-linux-gnu/libdl-2.23.so
7f1ff8321000-7f1ff8322000 r--p 00002000 08:01 1442009                    /lib/x86_64-linux-gnu/libdl-2.23.so
7f1ff8322000-7f1ff8323000 rw-p 00003000 08:01 1442009                    /lib/x86_64-linux-gnu/libdl-2.23.so
7f1ff8323000-7f1ff833b000 r-xp 00000000 08:01 1442012                    /lib/x86_64-linux-gnu/libpthread-2.23.so
7f1ff833b000-7f1ff853a000 ---p 00018000 08:01 1442012                    /lib/x86_64-linux-gnu/libpthread-2.23.so
7f1ff853a000-7f1ff853b000 r--p 00017000 08:01 1442012                    /lib/x86_64-linux-gnu/libpthread-2.23.so
7f1ff853b000-7f1ff853c000 rw-p 00018000 08:01 1442012                    /lib/x86_64-linux-gnu/libpthread-2.23.so
7f1ff853c000-7f1ff8540000 rw-p 00000000 00:00 0 
7f1ff8540000-7f1ff8566000 r-xp 00000000 08:01 1442102                    /lib/x86_64-linux-gnu/ld-2.23.so
7f1ff85e7000-7f1ff8602000 r-xp 00000000 08:01 1048694                    /home/ubuntu/android-studio/jre/jre/lib/amd64/libzip.so
7f1ff8602000-7f1ff8603000 rw-p 0001a000 08:01 1048694                    /home/ubuntu/android-studio/jre/jre/lib/amd64/libzip.so
7f1ff8603000-7f1ff862d000 r-xp 00000000 08:01 1048702                    /home/ubuntu/android-studio/jre/jre/lib/amd64/libjava.so
7f1ff862d000-7f1ff862f000 rw-p 0002a000 08:01 1048702                    /home/ubuntu/android-studio/jre/jre/lib/amd64/libjava.so
7f1ff862f000-7f1ff8632000 ---p 00000000 00:00 0 
7f1ff8632000-7f1ff8734000 rw-p 00000000 00:00 0 
7f1ff8734000-7f1ff874a000 r-xp 00000000 08:01 1180766                    /home/ubuntu/android-studio/jre/jre/lib/amd64/jli/libjli.so
7f1ff874a000-7f1ff874b000 rw-p 00015000 08:01 1180766                    /home/ubuntu/android-studio/jre/jre/lib/amd64/jli/libjli.so
7f1ff874b000-7f1ff874c000 rw-p 00000000 00:00 0 
7f1ff874c000-7f1ff8754000 rw-s 00000000 08:01 1442341                    /tmp/hsperfdata_ubuntu/34023
7f1ff8754000-7f1ff8755000 rw-p 00000000 00:00 0 
7f1ff8755000-7f1ff8756000 r--p 00000000 00:00 0 
7f1ff8756000-7f1ff8763000 r-xp 00000000 08:01 1048690                    /home/ubuntu/android-studio/jre/jre/lib/amd64/libverify.so
7f1ff8763000-7f1ff8765000 rw-p 0000c000 08:01 1048690                    /home/ubuntu/android-studio/jre/jre/lib/amd64/libverify.so
7f1ff8765000-7f1ff8766000 r--p 00025000 08:01 1442102                    /lib/x86_64-linux-gnu/ld-2.23.so
7f1ff8766000-7f1ff8767000 rw-p 00026000 08:01 1442102                    /lib/x86_64-linux-gnu/ld-2.23.so
7f1ff8767000-7f1ff8768000 rw-p 00000000 00:00 0 
7ffc1d2e6000-7ffc1d307000 rw-p 00000000 00:00 0                          [stack]
7ffc1d35b000-7ffc1d35d000 r--p 00000000 00:00 0                          [vvar]
7ffc1d35d000-7ffc1d35f000 r-xp 00000000 00:00 0                          [vdso]
ffffffffff600000-ffffffffff601000 r-xp 00000000 00:00 0                  [vsyscall]

VM Arguments:
java_command: org.jetbrains.git4idea.http.GitAskPassApp Username for 'https://github.com': 
java_class_path (initial): /home/ubuntu/android-studio/plugins/git4idea/lib/git4idea-rt.jar:/home/ubuntu/android-studio/lib/xmlrpc-2.0.1.jar:/home/ubuntu/android-studio/lib/commons-codec-1.10.jar:/home/ubuntu/android-studio/lib/util.jar
Launcher Type: SUN_STANDARD

Environment Variables:
JAVA_HOME=/usr/lib/jvm/java-8-oracle
PATH=/usr/lib/git-core:/home/ubuntu/bin:/home/ubuntu/.local/bin:/usr/local/sbin:/usr/local/bin:/usr/sbin:/usr/bin:/sbin:/bin:/usr/games:/usr/local/games:/snap/bin:/usr/lib/jvm/java-8-oracle/bin:/usr/lib/jvm/java-8-oracle/db/bin:/usr/lib/jvm/java-8-oracle/jre/bin
SHELL=/bin/tcsh
DISPLAY=:0

Signal Handlers:
SIGSEGV: [libjvm.so+0xa09650], sa_mask[0]=11111111011111111101111111111110, sa_flags=SA_RESTART|SA_SIGINFO
SIGBUS: [libjvm.so+0xa09650], sa_mask[0]=11111111011111111101111111111110, sa_flags=SA_RESTART|SA_SIGINFO
SIGFPE: [libjvm.so+0x86bc60], sa_mask[0]=11111111011111111101111111111110, sa_flags=SA_RESTART|SA_SIGINFO
SIGPIPE: [libjvm.so+0x86bc60], sa_mask[0]=11111111011111111101111111111110, sa_flags=SA_RESTART|SA_SIGINFO
SIGXFSZ: [libjvm.so+0x86bc60], sa_mask[0]=11111111011111111101111111111110, sa_flags=SA_RESTART|SA_SIGINFO
SIGILL: [libjvm.so+0x86bc60], sa_mask[0]=11111111011111111101111111111110, sa_flags=SA_RESTART|SA_SIGINFO
SIGUSR1: SIG_DFL, sa_mask[0]=00000000000000000000000000000000, sa_flags=none
SIGUSR2: [libjvm.so+0x86bb30], sa_mask[0]=00100000000000000000000000000000, sa_flags=SA_RESTART|SA_SIGINFO
SIGHUP: SIG_DFL, sa_mask[0]=00000000000000000000000000000000, sa_flags=none
SIGINT: SIG_DFL, sa_mask[0]=00000000000000000000000000000000, sa_flags=none
SIGTERM: SIG_DFL, sa_mask[0]=00000000000000000000000000000000, sa_flags=none
SIGQUIT: SIG_DFL, sa_mask[0]=00000000000000000000000000000000, sa_flags=none


---------------  S Y S T E M  ---------------

OS:DISTRIB_ID=Ubuntu
DISTRIB_RELEASE=16.04
DISTRIB_CODENAME=xenial
DISTRIB_DESCRIPTION="Ubuntu 16.04.1 LTS"

uname:Linux 4.4.0-200-generic #232-Ubuntu SMP Wed Jan 13 10:18:39 UTC 2021 x86_64
libc:glibc 2.23 NPTL 2.23 
rlimit: STACK 8192k, CORE 0k, NPROC 15598, NOFILE 1048576, AS infinity
load average:3.01 1.94 1.16

/proc/meminfo:
MemTotal:        4037428 kB
MemFree:           97176 kB
MemAvailable:       8024 kB
Buffers:             748 kB
Cached:            51772 kB
SwapCached:          740 kB
Active:          2666016 kB
Inactive:        1006200 kB
Active(anon):    2657472 kB
Inactive(anon):   996892 kB
Active(file):       8544 kB
Inactive(file):     9308 kB
Unevictable:          48 kB
Mlocked:              48 kB
SwapTotal:       2094076 kB
SwapFree:              0 kB
Dirty:                 0 kB
Writeback:             0 kB
AnonPages:       3619972 kB
Mapped:            40616 kB
Shmem:             33744 kB
Slab:             104552 kB
SReclaimable:      45172 kB
SUnreclaim:        59380 kB
KernelStack:       13552 kB
PageTables:        47548 kB
NFS_Unstable:          0 kB
Bounce:                0 kB
WritebackTmp:          0 kB
CommitLimit:     4112788 kB
Committed_AS:    8567592 kB
VmallocTotal:   34359738367 kB
VmallocUsed:           0 kB
VmallocChunk:          0 kB
HardwareCorrupted:     0 kB
AnonHugePages:         0 kB
CmaTotal:              0 kB
CmaFree:               0 kB
HugePages_Total:       0
HugePages_Free:        0
HugePages_Rsvd:        0
HugePages_Surp:        0
Hugepagesize:       2048 kB
DirectMap4k:      259904 kB
DirectMap2M:     3934208 kB
DirectMap1G:     2097152 kB

container (cgroup) information:
container_type: cgroupv1
cpu_cpuset_cpus: 0-3
cpu_memory_nodes: 0
active_processor_count: 4
cpu_quota: -1
cpu_period: 100000
cpu_shares: -1
memory_limit_in_bytes: -1
memory_and_swap_limit_in_bytes: -2
memory_soft_limit_in_bytes: -1
memory_usage_in_bytes: 3726499840
memory_max_usage_in_bytes: 3750862848


CPU:total 4 (initial active 4) (2 cores per cpu, 1 threads per core) family 6 model 142 stepping 10, cmov, cx8, fxsr, mmx, sse, sse2, sse3, ssse3, sse4.1, sse4.2, popcnt, avx, aes, clmul, erms, 3dnowpref, tsc, tscinvbit

/proc/cpuinfo:
processor	: 0
vendor_id	: GenuineIntel
cpu family	: 6
model		: 142
model name	: Intel(R) Core(TM) i5-8350U CPU @ 1.70GHz
stepping	: 10
microcode	: 0xca
cpu MHz		: 1896.002
cache size	: 6144 KB
physical id	: 0
siblings	: 2
core id		: 0
cpu cores	: 2
apicid		: 0
initial apicid	: 0
fpu		: yes
fpu_exception	: yes
cpuid level	: 22
wp		: yes
flags		: fpu vme de pse tsc msr pae mce cx8 apic sep mtrr pge mca cmov pat pse36 clflush mmx fxsr sse sse2 ss ht syscall nx pdpe1gb rdtscp lm constant_tsc arch_perfmon nopl xtopology tsc_reliable nonstop_tsc pni pclmulqdq ssse3 fma cx16 pcid sse4_1 sse4_2 x2apic movbe popcnt aes xsave avx f16c rdrand hypervisor lahf_lm 3dnowprefetch ssbd ibrs ibpb stibp kaiser fsgsbase smep arat md_clear flush_l1d arch_capabilities
bugs		: cpu_meltdown spectre_v1 spectre_v2 spec_store_bypass l1tf mds swapgs itlb_multihit srbds
bogomips	: 3792.00
clflush size	: 64
cache_alignment	: 64
address sizes	: 40 bits physical, 48 bits virtual
power management:

processor	: 1
vendor_id	: GenuineIntel
cpu family	: 6
model		: 142
model name	: Intel(R) Core(TM) i5-8350U CPU @ 1.70GHz
stepping	: 10
microcode	: 0xca
cpu MHz		: 1896.002
cache size	: 6144 KB
physical id	: 0
siblings	: 2
core id		: 1
cpu cores	: 2
apicid		: 1
initial apicid	: 1
fpu		: yes
fpu_exception	: yes
cpuid level	: 22
wp		: yes
flags		: fpu vme de pse tsc msr pae mce cx8 apic sep mtrr pge mca cmov pat pse36 clflush mmx fxsr sse sse2 ss ht syscall nx pdpe1gb rdtscp lm constant_tsc arch_perfmon nopl xtopology tsc_reliable nonstop_tsc pni pclmulqdq ssse3 fma cx16 pcid sse4_1 sse4_2 x2apic movbe popcnt aes xsave avx f16c rdrand hypervisor lahf_lm 3dnowprefetch ssbd ibrs ibpb stibp kaiser fsgsbase smep arat md_clear flush_l1d arch_capabilities
bugs		: cpu_meltdown spectre_v1 spectre_v2 spec_store_bypass l1tf mds swapgs itlb_multihit srbds
bogomips	: 3792.00
clflush size	: 64
cache_alignment	: 64
address sizes	: 40 bits physical, 48 bits virtual
power management:

processor	: 2
vendor_id	: GenuineIntel
cpu family	: 6
model		: 142
model name	: Intel(R) Core(TM) i5-8350U CPU @ 1.70GHz
stepping	: 10
microcode	: 0xca
cpu MHz		: 1896.002
cache size	: 6144 KB
physical id	: 1
siblings	: 2
core id		: 0
cpu cores	: 2
apicid		: 2
initial apicid	: 2
fpu		: yes
fpu_exception	: yes
cpuid level	: 22
wp		: yes
flags		: fpu vme de pse tsc msr pae mce cx8 apic sep mtrr pge mca cmov pat pse36 clflush mmx fxsr sse sse2 ss ht syscall nx pdpe1gb rdtscp lm constant_tsc arch_perfmon nopl xtopology tsc_reliable nonstop_tsc pni pclmulqdq ssse3 fma cx16 pcid sse4_1 sse4_2 x2apic movbe popcnt aes xsave avx f16c rdrand hypervisor lahf_lm 3dnowprefetch ssbd ibrs ibpb stibp kaiser fsgsbase smep arat md_clear flush_l1d arch_capabilities
bugs		: cpu_meltdown spectre_v1 spectre_v2 spec_store_bypass l1tf mds swapgs itlb_multihit srbds
bogomips	: 3792.00
clflush size	: 64
cache_alignment	: 64
address sizes	: 40 bits physical, 48 bits virtual
power management:

processor	: 3
vendor_id	: GenuineIntel
cpu family	: 6
model		: 142
model name	: Intel(R) Core(TM) i5-8350U CPU @ 1.70GHz
stepping	: 10
microcode	: 0xca
cpu MHz		: 1896.002
cache size	: 6144 KB
physical id	: 1
siblings	: 2
core id		: 1
cpu cores	: 2
apicid		: 3
initial apicid	: 3
fpu		: yes
fpu_exception	: yes
cpuid level	: 22
wp		: yes
flags		: fpu vme de pse tsc msr pae mce cx8 apic sep mtrr pge mca cmov pat pse36 clflush mmx fxsr sse sse2 ss ht syscall nx pdpe1gb rdtscp lm constant_tsc arch_perfmon nopl xtopology tsc_reliable nonstop_tsc pni pclmulqdq ssse3 fma cx16 pcid sse4_1 sse4_2 x2apic movbe popcnt aes xsave avx f16c rdrand hypervisor lahf_lm 3dnowprefetch ssbd ibrs ibpb stibp kaiser fsgsbase smep arat md_clear flush_l1d arch_capabilities
bugs		: cpu_meltdown spectre_v1 spectre_v2 spec_store_bypass l1tf mds swapgs itlb_multihit srbds
bogomips	: 3792.00
clflush size	: 64
cache_alignment	: 64
address sizes	: 40 bits physical, 48 bits virtual
power management:



Memory: 4k page, physical 4037428k(97200k free), swap 2094076k(0k free)

vm_info: OpenJDK 64-Bit Server VM (25.202-b49-5587405) for linux-amd64 JRE (1.8.0_202-release-1483-b49-5587405), built by "android-build" with gcc 4.8

time: Thu Feb  4 17:42:44 2021
timezone: CST
elapsed time: 0 seconds (0d 0h 0m 0s)

