#
# There is insufficient memory for the Java Runtime Environment to continue.
# Native memory allocation (mmap) failed to map 43515904 bytes for committing reserved memory.
# Possible reasons:
#   The system is out of physical RAM or swap space
#   The process is running with CompressedOops enabled, and the Java Heap may be blocking the growth of the native heap
# Possible solutions:
#   Reduce memory load on the system
#   Increase physical memory or swap space
#   Check if swap backing store is full
#   Decrease Java heap size (-Xmx/-Xms)
#   Decrease number of Java threads
#   Decrease Java thread stack sizes (-Xss)
#   Set larger code cache with -XX:ReservedCodeCacheSize=
# This output file may be truncated or incomplete.
#
#  Out of Memory Error (os_linux.cpp:2753), pid=34102, tid=0x00007f47a0d4a700
#
# JRE version:  (8.0_202) (build )
# Java VM: OpenJDK 64-Bit Server VM (25.202-b49-5587405 mixed mode linux-amd64 compressed oops)
# Failed to write core dump. Core dumps have been disabled. To enable core dumping, try "ulimit -c unlimited" before starting Java again
#

---------------  T H R E A D  ---------------

Current thread (0x00007f479800a800):  JavaThread "Unknown thread" [_thread_in_vm, id=34103, stack(0x00007f47a0c4a000,0x00007f47a0d4b000)]

Stack: [0x00007f47a0c4a000,0x00007f47a0d4b000],  sp=0x00007f47a0d49690,  free space=1021k
Native frames: (J=compiled Java code, j=interpreted, Vv=VM code, C=native code)
V  [libjvm.so+0xa08b78]  VMError::report_and_die()+0x148
V  [libjvm.so+0x4d412a]  report_vm_out_of_memory(char const*, int, unsigned long, VMErrorType, char const*)+0x8a
V  [libjvm.so+0x870478]  os::pd_commit_memory(char*, unsigned long, unsigned long, bool)+0xd8
V  [libjvm.so+0x867f9f]  os::commit_memory(char*, unsigned long, unsigned long, bool)+0x1f
V  [libjvm.so+0x8e14eb]  PSVirtualSpace::expand_by(unsigned long)+0x5b
V  [libjvm.so+0x8d34e8]  PSOldGen::initialize(ReservedSpace, unsigned long, char const*, int)+0xa8
V  [libjvm.so+0x2dbae3]  AdjoiningGenerations::AdjoiningGenerations(ReservedSpace, GenerationSizer*, unsigned long)+0x353
V  [libjvm.so+0x893e91]  ParallelScavengeHeap::initialize()+0x211
V  [libjvm.so+0x9d4279]  Universe::initialize_heap()+0x189
V  [libjvm.so+0x9d4473]  universe_init()+0x33
V  [libjvm.so+0x5fcd95]  init_globals()+0x55
V  [libjvm.so+0x9b7a74]  Threads::create_vm(JavaVMInitArgs*, bool*)+0x274
V  [libjvm.so+0x669d5e]  JNI_CreateJavaVM+0x4e
C  [libjli.so+0x76f8]  JavaMain+0x88
C  [libpthread.so.0+0x76ba]  start_thread+0xca


---------------  P R O C E S S  ---------------

Java Threads: ( => current thread )

Other Threads:

=>0x00007f479800a800 (exited) JavaThread "Unknown thread" [_thread_in_vm, id=34103, stack(0x00007f47a0c4a000,0x00007f47a0d4b000)]

VM state:not at safepoint (not fully initialized)

VM Mutex/Monitor currently owned by a thread: None

heap address: 0x00000000c2600000, size: 986 MB, Compressed Oops mode: Non-zero based:0x00000000c25ff000
Narrow klass base: 0x0000000000000000, Narrow klass shift: 0

GC Heap History (0 events):
No events

Deoptimization events (0 events):
No events

Classes redefined (0 events):
No events

Internal exceptions (0 events):
No events

Events (0 events):
No events


Dynamic libraries:
00400000-00401000 r-xp 00000000 08:01 1315151                            /home/ubuntu/android-studio/jre/jre/bin/java
00401000-00402000 rw-p 00000000 08:01 1315151                            /home/ubuntu/android-studio/jre/jre/bin/java
007c7000-007e8000 rw-p 00000000 00:00 0                                  [heap]
c4f80000-eb780000 ---p 00000000 00:00 0 
eb780000-ecc00000 rw-p 00000000 00:00 0 
ecc00000-100000000 ---p 00000000 00:00 0 
7f4789000000-7f4789270000 rwxp 00000000 00:00 0 
7f4789270000-7f4798000000 ---p 00000000 00:00 0 
7f4798000000-7f4798037000 rw-p 00000000 00:00 0 
7f4798037000-7f479c000000 ---p 00000000 00:00 0 
7f479e07c000-7f479e337000 rw-p 00000000 00:00 0 
7f479e337000-7f479e47f000 ---p 00000000 00:00 0 
7f479e47f000-7f479e48a000 rw-p 00000000 00:00 0 
7f479e48a000-7f479e524000 ---p 00000000 00:00 0 
7f479e524000-7f479e52f000 rw-p 00000000 00:00 0 
7f479e52f000-7f479e8e5000 ---p 00000000 00:00 0 
7f479e8e5000-7f479e8f0000 r-xp 00000000 08:01 1442122                    /lib/x86_64-linux-gnu/libnss_files-2.23.so
7f479e8f0000-7f479eaef000 ---p 0000b000 08:01 1442122                    /lib/x86_64-linux-gnu/libnss_files-2.23.so
7f479eaef000-7f479eaf0000 r--p 0000a000 08:01 1442122                    /lib/x86_64-linux-gnu/libnss_files-2.23.so
7f479eaf0000-7f479eaf1000 rw-p 0000b000 08:01 1442122                    /lib/x86_64-linux-gnu/libnss_files-2.23.so
7f479eaf1000-7f479eaf7000 rw-p 00000000 00:00 0 
7f479eaf7000-7f479eb02000 r-xp 00000000 08:01 1442143                    /lib/x86_64-linux-gnu/libnss_nis-2.23.so
7f479eb02000-7f479ed01000 ---p 0000b000 08:01 1442143                    /lib/x86_64-linux-gnu/libnss_nis-2.23.so
7f479ed01000-7f479ed02000 r--p 0000a000 08:01 1442143                    /lib/x86_64-linux-gnu/libnss_nis-2.23.so
7f479ed02000-7f479ed03000 rw-p 0000b000 08:01 1442143                    /lib/x86_64-linux-gnu/libnss_nis-2.23.so
7f479ed03000-7f479ed19000 r-xp 00000000 08:01 1442014                    /lib/x86_64-linux-gnu/libnsl-2.23.so
7f479ed19000-7f479ef18000 ---p 00016000 08:01 1442014                    /lib/x86_64-linux-gnu/libnsl-2.23.so
7f479ef18000-7f479ef19000 r--p 00015000 08:01 1442014                    /lib/x86_64-linux-gnu/libnsl-2.23.so
7f479ef19000-7f479ef1a000 rw-p 00016000 08:01 1442014                    /lib/x86_64-linux-gnu/libnsl-2.23.so
7f479ef1a000-7f479ef1c000 rw-p 00000000 00:00 0 
7f479ef1c000-7f479ef24000 r-xp 00000000 08:01 1442130                    /lib/x86_64-linux-gnu/libnss_compat-2.23.so
7f479ef24000-7f479f123000 ---p 00008000 08:01 1442130                    /lib/x86_64-linux-gnu/libnss_compat-2.23.so
7f479f123000-7f479f124000 r--p 00007000 08:01 1442130                    /lib/x86_64-linux-gnu/libnss_compat-2.23.so
7f479f124000-7f479f125000 rw-p 00008000 08:01 1442130                    /lib/x86_64-linux-gnu/libnss_compat-2.23.so
7f479f125000-7f479f12c000 r-xp 00000000 08:01 1442150                    /lib/x86_64-linux-gnu/librt-2.23.so
7f479f12c000-7f479f32b000 ---p 00007000 08:01 1442150                    /lib/x86_64-linux-gnu/librt-2.23.so
7f479f32b000-7f479f32c000 r--p 00006000 08:01 1442150                    /lib/x86_64-linux-gnu/librt-2.23.so
7f479f32c000-7f479f32d000 rw-p 00007000 08:01 1442150                    /lib/x86_64-linux-gnu/librt-2.23.so
7f479f32d000-7f479f435000 r-xp 00000000 08:01 1442076                    /lib/x86_64-linux-gnu/libm-2.23.so
7f479f435000-7f479f634000 ---p 00108000 08:01 1442076                    /lib/x86_64-linux-gnu/libm-2.23.so
7f479f634000-7f479f635000 r--p 00107000 08:01 1442076                    /lib/x86_64-linux-gnu/libm-2.23.so
7f479f635000-7f479f636000 rw-p 00108000 08:01 1442076                    /lib/x86_64-linux-gnu/libm-2.23.so
7f479f636000-7f47a025c000 r-xp 00000000 08:01 1179929                    /home/ubuntu/android-studio/jre/jre/lib/amd64/server/libjvm.so
7f47a025c000-7f47a032c000 rw-p 00c26000 08:01 1179929                    /home/ubuntu/android-studio/jre/jre/lib/amd64/server/libjvm.so
7f47a032c000-7f47a0370000 rw-p 00000000 00:00 0 
7f47a0370000-7f47a0530000 r-xp 00000000 08:01 1442011                    /lib/x86_64-linux-gnu/libc-2.23.so
7f47a0530000-7f47a0730000 ---p 001c0000 08:01 1442011                    /lib/x86_64-linux-gnu/libc-2.23.so
7f47a0730000-7f47a0734000 r--p 001c0000 08:01 1442011                    /lib/x86_64-linux-gnu/libc-2.23.so
7f47a0734000-7f47a0736000 rw-p 001c4000 08:01 1442011                    /lib/x86_64-linux-gnu/libc-2.23.so
7f47a0736000-7f47a073a000 rw-p 00000000 00:00 0 
7f47a073a000-7f47a073d000 r-xp 00000000 08:01 1442009                    /lib/x86_64-linux-gnu/libdl-2.23.so
7f47a073d000-7f47a093c000 ---p 00003000 08:01 1442009                    /lib/x86_64-linux-gnu/libdl-2.23.so
7f47a093c000-7f47a093d000 r--p 00002000 08:01 1442009                    /lib/x86_64-linux-gnu/libdl-2.23.so
7f47a093d000-7f47a093e000 rw-p 00003000 08:01 1442009                    /lib/x86_64-linux-gnu/libdl-2.23.so
7f47a093e000-7f47a0956000 r-xp 00000000 08:01 1442012                    /lib/x86_64-linux-gnu/libpthread-2.23.so
7f47a0956000-7f47a0b55000 ---p 00018000 08:01 1442012                    /lib/x86_64-linux-gnu/libpthread-2.23.so
7f47a0b55000-7f47a0b56000 r--p 00017000 08:01 1442012                    /lib/x86_64-linux-gnu/libpthread-2.23.so
7f47a0b56000-7f47a0b57000 rw-p 00018000 08:01 1442012                    /lib/x86_64-linux-gnu/libpthread-2.23.so
7f47a0b57000-7f47a0b5b000 rw-p 00000000 00:00 0 
7f47a0b5b000-7f47a0b81000 r-xp 00000000 08:01 1442102                    /lib/x86_64-linux-gnu/ld-2.23.so
7f47a0c02000-7f47a0c1d000 r-xp 00000000 08:01 1048694                    /home/ubuntu/android-studio/jre/jre/lib/amd64/libzip.so
7f47a0c1d000-7f47a0c1e000 rw-p 0001a000 08:01 1048694                    /home/ubuntu/android-studio/jre/jre/lib/amd64/libzip.so
7f47a0c1e000-7f47a0c48000 r-xp 00000000 08:01 1048702                    /home/ubuntu/android-studio/jre/jre/lib/amd64/libjava.so
7f47a0c48000-7f47a0c4a000 rw-p 0002a000 08:01 1048702                    /home/ubuntu/android-studio/jre/jre/lib/amd64/libjava.so
7f47a0c4a000-7f47a0c4d000 ---p 00000000 00:00 0 
7f47a0c4d000-7f47a0d4f000 rw-p 00000000 00:00 0 
7f47a0d4f000-7f47a0d65000 r-xp 00000000 08:01 1180766                    /home/ubuntu/android-studio/jre/jre/lib/amd64/jli/libjli.so
7f47a0d65000-7f47a0d66000 rw-p 00015000 08:01 1180766                    /home/ubuntu/android-studio/jre/jre/lib/amd64/jli/libjli.so
7f47a0d66000-7f47a0d67000 rw-p 00000000 00:00 0 
7f47a0d67000-7f47a0d6f000 rw-s 00000000 08:01 1442341                    /tmp/hsperfdata_ubuntu/34102
7f47a0d6f000-7f47a0d70000 rw-p 00000000 00:00 0 
7f47a0d70000-7f47a0d71000 r--p 00000000 00:00 0 
7f47a0d71000-7f47a0d7e000 r-xp 00000000 08:01 1048690                    /home/ubuntu/android-studio/jre/jre/lib/amd64/libverify.so
7f47a0d7e000-7f47a0d80000 rw-p 0000c000 08:01 1048690                    /home/ubuntu/android-studio/jre/jre/lib/amd64/libverify.so
7f47a0d80000-7f47a0d81000 r--p 00025000 08:01 1442102                    /lib/x86_64-linux-gnu/ld-2.23.so
7f47a0d81000-7f47a0d82000 rw-p 00026000 08:01 1442102                    /lib/x86_64-linux-gnu/ld-2.23.so
7f47a0d82000-7f47a0d83000 rw-p 00000000 00:00 0 
7ffc73235000-7ffc73256000 rw-p 00000000 00:00 0                          [stack]
7ffc73294000-7ffc73296000 r--p 00000000 00:00 0                          [vvar]
7ffc73296000-7ffc73298000 r-xp 00000000 00:00 0                          [vdso]
ffffffffff600000-ffffffffff601000 r-xp 00000000 00:00 0                  [vsyscall]

VM Arguments:
java_command: org.jetbrains.git4idea.http.GitAskPassApp Username for 'https://github.com': 
java_class_path (initial): /home/ubuntu/android-studio/plugins/git4idea/lib/git4idea-rt.jar:/home/ubuntu/android-studio/lib/xmlrpc-2.0.1.jar:/home/ubuntu/android-studio/lib/commons-codec-1.10.jar:/home/ubuntu/android-studio/lib/util.jar
Launcher Type: SUN_STANDARD

Environment Variables:
JAVA_HOME=/usr/lib/jvm/java-8-oracle
PATH=/usr/lib/git-core:/home/ubuntu/bin:/home/ubuntu/.local/bin:/usr/local/sbin:/usr/local/bin:/usr/sbin:/usr/bin:/sbin:/bin:/usr/games:/usr/local/games:/snap/bin:/usr/lib/jvm/java-8-oracle/bin:/usr/lib/jvm/java-8-oracle/db/bin:/usr/lib/jvm/java-8-oracle/jre/bin
SHELL=/bin/tcsh
DISPLAY=:0

Signal Handlers:
SIGSEGV: [libjvm.so+0xa09650], sa_mask[0]=11111111011111111101111111111110, sa_flags=SA_RESTART|SA_SIGINFO
SIGBUS: [libjvm.so+0xa09650], sa_mask[0]=11111111011111111101111111111110, sa_flags=SA_RESTART|SA_SIGINFO
SIGFPE: [libjvm.so+0x86bc60], sa_mask[0]=11111111011111111101111111111110, sa_flags=SA_RESTART|SA_SIGINFO
SIGPIPE: [libjvm.so+0x86bc60], sa_mask[0]=11111111011111111101111111111110, sa_flags=SA_RESTART|SA_SIGINFO
SIGXFSZ: [libjvm.so+0x86bc60], sa_mask[0]=11111111011111111101111111111110, sa_flags=SA_RESTART|SA_SIGINFO
SIGILL: [libjvm.so+0x86bc60], sa_mask[0]=11111111011111111101111111111110, sa_flags=SA_RESTART|SA_SIGINFO
SIGUSR1: SIG_DFL, sa_mask[0]=00000000000000000000000000000000, sa_flags=none
SIGUSR2: [libjvm.so+0x86bb30], sa_mask[0]=00100000000000000000000000000000, sa_flags=SA_RESTART|SA_SIGINFO
SIGHUP: SIG_DFL, sa_mask[0]=00000000000000000000000000000000, sa_flags=none
SIGINT: SIG_DFL, sa_mask[0]=00000000000000000000000000000000, sa_flags=none
SIGTERM: SIG_DFL, sa_mask[0]=00000000000000000000000000000000, sa_flags=none
SIGQUIT: SIG_DFL, sa_mask[0]=00000000000000000000000000000000, sa_flags=none


---------------  S Y S T E M  ---------------

OS:DISTRIB_ID=Ubuntu
DISTRIB_RELEASE=16.04
DISTRIB_CODENAME=xenial
DISTRIB_DESCRIPTION="Ubuntu 16.04.1 LTS"

uname:Linux 4.4.0-200-generic #232-Ubuntu SMP Wed Jan 13 10:18:39 UTC 2021 x86_64
libc:glibc 2.23 NPTL 2.23 
rlimit: STACK 8192k, CORE 0k, NPROC 15598, NOFILE 1048576, AS infinity
load average:5.07 2.61 1.42

/proc/meminfo:
MemTotal:        4037428 kB
MemFree:           90384 kB
MemAvailable:        972 kB
Buffers:             612 kB
Cached:            51016 kB
SwapCached:          720 kB
Active:          2672056 kB
Inactive:        1006596 kB
Active(anon):    2663552 kB
Inactive(anon):   997764 kB
Active(file):       8504 kB
Inactive(file):     8832 kB
Unevictable:          48 kB
Mlocked:              48 kB
SwapTotal:       2094076 kB
SwapFree:              0 kB
Dirty:                 0 kB
Writeback:             0 kB
AnonPages:       3627092 kB
Mapped:            39068 kB
Shmem:             33724 kB
Slab:             104552 kB
SReclaimable:      45172 kB
SUnreclaim:        59380 kB
KernelStack:       13408 kB
PageTables:        47460 kB
NFS_Unstable:          0 kB
Bounce:                0 kB
WritebackTmp:          0 kB
CommitLimit:     4112788 kB
Committed_AS:    8570152 kB
VmallocTotal:   34359738367 kB
VmallocUsed:           0 kB
VmallocChunk:          0 kB
HardwareCorrupted:     0 kB
AnonHugePages:         0 kB
CmaTotal:              0 kB
CmaFree:               0 kB
HugePages_Total:       0
HugePages_Free:        0
HugePages_Rsvd:        0
HugePages_Surp:        0
Hugepagesize:       2048 kB
DirectMap4k:      259904 kB
DirectMap2M:     3934208 kB
DirectMap1G:     2097152 kB

container (cgroup) information:
container_type: cgroupv1
cpu_cpuset_cpus: 0-3
cpu_memory_nodes: 0
active_processor_count: 4
cpu_quota: -1
cpu_period: 100000
cpu_shares: -1
memory_limit_in_bytes: -1
memory_and_swap_limit_in_bytes: -2
memory_soft_limit_in_bytes: -1
memory_usage_in_bytes: 3737124864
memory_max_usage_in_bytes: 3750862848


CPU:total 4 (initial active 4) (2 cores per cpu, 1 threads per core) family 6 model 142 stepping 10, cmov, cx8, fxsr, mmx, sse, sse2, sse3, ssse3, sse4.1, sse4.2, popcnt, avx, aes, clmul, erms, 3dnowpref, tsc, tscinvbit

/proc/cpuinfo:
processor	: 0
vendor_id	: GenuineIntel
cpu family	: 6
model		: 142
model name	: Intel(R) Core(TM) i5-8350U CPU @ 1.70GHz
stepping	: 10
microcode	: 0xca
cpu MHz		: 1896.002
cache size	: 6144 KB
physical id	: 0
siblings	: 2
core id		: 0
cpu cores	: 2
apicid		: 0
initial apicid	: 0
fpu		: yes
fpu_exception	: yes
cpuid level	: 22
wp		: yes
flags		: fpu vme de pse tsc msr pae mce cx8 apic sep mtrr pge mca cmov pat pse36 clflush mmx fxsr sse sse2 ss ht syscall nx pdpe1gb rdtscp lm constant_tsc arch_perfmon nopl xtopology tsc_reliable nonstop_tsc pni pclmulqdq ssse3 fma cx16 pcid sse4_1 sse4_2 x2apic movbe popcnt aes xsave avx f16c rdrand hypervisor lahf_lm 3dnowprefetch ssbd ibrs ibpb stibp kaiser fsgsbase smep arat md_clear flush_l1d arch_capabilities
bugs		: cpu_meltdown spectre_v1 spectre_v2 spec_store_bypass l1tf mds swapgs itlb_multihit srbds
bogomips	: 3792.00
clflush size	: 64
cache_alignment	: 64
address sizes	: 40 bits physical, 48 bits virtual
power management:

processor	: 1
vendor_id	: GenuineIntel
cpu family	: 6
model		: 142
model name	: Intel(R) Core(TM) i5-8350U CPU @ 1.70GHz
stepping	: 10
microcode	: 0xca
cpu MHz		: 1896.002
cache size	: 6144 KB
physical id	: 0
siblings	: 2
core id		: 1
cpu cores	: 2
apicid		: 1
initial apicid	: 1
fpu		: yes
fpu_exception	: yes
cpuid level	: 22
wp		: yes
flags		: fpu vme de pse tsc msr pae mce cx8 apic sep mtrr pge mca cmov pat pse36 clflush mmx fxsr sse sse2 ss ht syscall nx pdpe1gb rdtscp lm constant_tsc arch_perfmon nopl xtopology tsc_reliable nonstop_tsc pni pclmulqdq ssse3 fma cx16 pcid sse4_1 sse4_2 x2apic movbe popcnt aes xsave avx f16c rdrand hypervisor lahf_lm 3dnowprefetch ssbd ibrs ibpb stibp kaiser fsgsbase smep arat md_clear flush_l1d arch_capabilities
bugs		: cpu_meltdown spectre_v1 spectre_v2 spec_store_bypass l1tf mds swapgs itlb_multihit srbds
bogomips	: 3792.00
clflush size	: 64
cache_alignment	: 64
address sizes	: 40 bits physical, 48 bits virtual
power management:

processor	: 2
vendor_id	: GenuineIntel
cpu family	: 6
model		: 142
model name	: Intel(R) Core(TM) i5-8350U CPU @ 1.70GHz
stepping	: 10
microcode	: 0xca
cpu MHz		: 1896.002
cache size	: 6144 KB
physical id	: 1
siblings	: 2
core id		: 0
cpu cores	: 2
apicid		: 2
initial apicid	: 2
fpu		: yes
fpu_exception	: yes
cpuid level	: 22
wp		: yes
flags		: fpu vme de pse tsc msr pae mce cx8 apic sep mtrr pge mca cmov pat pse36 clflush mmx fxsr sse sse2 ss ht syscall nx pdpe1gb rdtscp lm constant_tsc arch_perfmon nopl xtopology tsc_reliable nonstop_tsc pni pclmulqdq ssse3 fma cx16 pcid sse4_1 sse4_2 x2apic movbe popcnt aes xsave avx f16c rdrand hypervisor lahf_lm 3dnowprefetch ssbd ibrs ibpb stibp kaiser fsgsbase smep arat md_clear flush_l1d arch_capabilities
bugs		: cpu_meltdown spectre_v1 spectre_v2 spec_store_bypass l1tf mds swapgs itlb_multihit srbds
bogomips	: 3792.00
clflush size	: 64
cache_alignment	: 64
address sizes	: 40 bits physical, 48 bits virtual
power management:

processor	: 3
vendor_id	: GenuineIntel
cpu family	: 6
model		: 142
model name	: Intel(R) Core(TM) i5-8350U CPU @ 1.70GHz
stepping	: 10
microcode	: 0xca
cpu MHz		: 1896.002
cache size	: 6144 KB
physical id	: 1
siblings	: 2
core id		: 1
cpu cores	: 2
apicid		: 3
initial apicid	: 3
fpu		: yes
fpu_exception	: yes
cpuid level	: 22
wp		: yes
flags		: fpu vme de pse tsc msr pae mce cx8 apic sep mtrr pge mca cmov pat pse36 clflush mmx fxsr sse sse2 ss ht syscall nx pdpe1gb rdtscp lm constant_tsc arch_perfmon nopl xtopology tsc_reliable nonstop_tsc pni pclmulqdq ssse3 fma cx16 pcid sse4_1 sse4_2 x2apic movbe popcnt aes xsave avx f16c rdrand hypervisor lahf_lm 3dnowprefetch ssbd ibrs ibpb stibp kaiser fsgsbase smep arat md_clear flush_l1d arch_capabilities
bugs		: cpu_meltdown spectre_v1 spectre_v2 spec_store_bypass l1tf mds swapgs itlb_multihit srbds
bogomips	: 3792.00
clflush size	: 64
cache_alignment	: 64
address sizes	: 40 bits physical, 48 bits virtual
power management:



Memory: 4k page, physical 4037428k(90552k free), swap 2094076k(0k free)

vm_info: OpenJDK 64-Bit Server VM (25.202-b49-5587405) for linux-amd64 JRE (1.8.0_202-release-1483-b49-5587405), built by "android-build" with gcc 4.8

time: Thu Feb  4 17:43:28 2021
timezone: CST
elapsed time: 0 seconds (0d 0h 0m 0s)

